<?xml version="1.0" encoding="UTF-8"?>
<!-- Generated by org.testng.reporters.JUnitXMLReporter -->
<testsuite hostname="DESKTOP-6ADHJUE" ignored="0" name="FREE CRM App Test Cases" tests="9" failures="0" timestamp="2021-09-22T20:16:09 IST" time="159.79" errors="0">
  <testcase name="verifyContactsPageLabel" time="0.103" classname="com.crm.qa.testcases.ContactsPageTest"/>
  <testcase name="selectContactsTest" time="0.106" classname="com.crm.qa.testcases.ContactsPageTest"/>
  <testcase name="multipleContactsclicktest" time="0.221" classname="com.crm.qa.testcases.ContactsPageTest"/>
  <testcase name="verifyHomePageTitleTest" time="0.009" classname="com.crm.qa.testcases.HomePageTest"/>
  <testcase name="verifyUsernametest" time="0.103" classname="com.crm.qa.testcases.HomePageTest"/>
  <testcase name="verifyContactslinkTest" time="1.261" classname="com.crm.qa.testcases.HomePageTest"/>
  <testcase name="crmLogoImageTest" time="0.096" classname="com.crm.qa.testcases.LoginPageTest"/>
  <testcase name="loginPageTitleTest" time="0.014" classname="com.crm.qa.testcases.LoginPageTest"/>
  <testcase name="loginTest" time="9.854" classname="com.crm.qa.testcases.LoginPageTest"/>
</testsuite> <!-- FREE CRM App Test Cases -->
